<?xml version="1.0" encoding="UTF-8"?>
<testsuite name="CriptografiaTest" tests="4" skipped="0" failures="0" errors="0" timestamp="2018-11-21T01:44:58" hostname="LAPTOP-0QOC31TN" time="0.002">
  <properties/>
  <testcase name="descripto_numbers()" classname="CriptografiaTest" time="0.0"/>
  <testcase name="cripto_numbers()" classname="CriptografiaTest" time="0.0"/>
  <testcase name="descripto_alphabet()" classname="CriptografiaTest" time="0.0"/>
  <testcase name="cripto_alphabet()" classname="CriptografiaTest" time="0.0"/>
  <system-out><![CDATA[]]></system-out>
  <system-err><![CDATA[]]></system-err>
</testsuite>
