<?xml version="1.0" encoding="UTF-8"?>
<testsuite name="ContatoDAOTest" tests="6" skipped="0" failures="0" errors="0" timestamp="2018-11-21T01:44:58" hostname="LAPTOP-0QOC31TN" time="0.074">
  <properties/>
  <testcase name="should_update_Contact()" classname="ContatoDAOTest" time="0.053"/>
  <testcase name="should_remove_contact()" classname="ContatoDAOTest" time="0.005"/>
  <testcase name="should_list_all_contacts()" classname="ContatoDAOTest" time="0.003"/>
  <testcase name="should_list_contacts()" classname="ContatoDAOTest" time="0.003"/>
  <testcase name="should_insert_new_contact()" classname="ContatoDAOTest" time="0.003"/>
  <testcase name="file_read_contacts_ordered()" classname="ContatoDAOTest" time="0.003"/>
  <system-out><![CDATA[]]></system-out>
  <system-err><![CDATA[]]></system-err>
</testsuite>
