<?xml version="1.0" encoding="UTF-8"?>
<testsuite name="ServicoUsuario_MockitoTest" tests="16" skipped="0" failures="0" errors="0" timestamp="2018-11-21T01:44:58" hostname="LAPTOP-0QOC31TN" time="0.047">
  <properties/>
  <testcase name="should_insert_new_user()" classname="ServicoUsuario_MockitoTest" time="0.013"/>
  <testcase name="should_not_insert_if_user_already_exists()" classname="ServicoUsuario_MockitoTest" time="0.002"/>
  <testcase name="should_not_remove_user_if_null()" classname="ServicoUsuario_MockitoTest" time="0.0"/>
  <testcase name="should_not_insert_new_user_out_of_standard()" classname="ServicoUsuario_MockitoTest" time="0.0"/>
  <testcase name="should_not_remove_user_if_doesnt_exists()" classname="ServicoUsuario_MockitoTest" time="0.001"/>
  <testcase name="should_return_empty_if_no_user()" classname="ServicoUsuario_MockitoTest" time="0.001"/>
  <testcase name="should_not_return_user_when_there_is_no_user()" classname="ServicoUsuario_MockitoTest" time="0.001"/>
  <testcase name="should_not_insert_user_if_password_differs()" classname="ServicoUsuario_MockitoTest" time="0.0"/>
  <testcase name="should_remove_user_if_exists()" classname="ServicoUsuario_MockitoTest" time="0.003"/>
  <testcase name="should_update_user()" classname="ServicoUsuario_MockitoTest" time="0.003"/>
  <testcase name="should_return_user_when_search_by_name()" classname="ServicoUsuario_MockitoTest" time="0.002"/>
  <testcase name="should_not_insert_user_if_dao_fails()" classname="ServicoUsuario_MockitoTest" time="0.002"/>
  <testcase name="should_return_users()" classname="ServicoUsuario_MockitoTest" time="0.001"/>
  <testcase name="should_not_return_user_when_name_cannot_be_cripto()" classname="ServicoUsuario_MockitoTest" time="0.001"/>
  <testcase name="should_not_update_user_if_uAtual_already_exists()" classname="ServicoUsuario_MockitoTest" time="0.002"/>
  <testcase name="should_not_update_user_if_uAnt_doesnt_exists()" classname="ServicoUsuario_MockitoTest" time="0.002"/>
  <system-out><![CDATA[]]></system-out>
  <system-err><![CDATA[]]></system-err>
</testsuite>
